build/app/intermediates/proguard-rules/release/aapt_rules.txt
# Referenced at processReleaseManifest\merged\AndroidManifest.xml:28
-keep class com.example.controle_ponto.MainActivity { <init>(...); }
# Referenced at processReleaseManifest\merged\AndroidManifest.xml:63
-keep class com.google.android.gms.common.api.GoogleApiActivity { <init>(...); }
# Referenced at processReleaseManifest\merged\AndroidManifest.xml:23
-keep class io.flutter.app.FlutterApplication { <init>(...); }
# Referenced at processReleaseManifest\merged\AndroidManifest.xml:53
-keep class io.flutter.plugins.imagepicker.ImagePickerFileProvider { <init>(...); }